<?xml version="1.0" encoding="UTF-8"?>
<!-- Generated by org.testng.reporters.JUnitReportReporter -->
<testsuite skipped="0" hostname="AZ1400BATIGENOS" name="CoverNote.CoverNote_V_I.testRun" tests="1" failures="0" timestamp="01 Nov 2018 05:21:07 GMT" time="10.096" errors="0">
  <testcase name="coverNOteDetails" time="10.096" classname="CoverNote.CoverNote_V_I.testRun"/>
</testsuite> <!-- CoverNote.CoverNote_V_I.testRun -->
