<?xml version="1.0" encoding="UTF-8"?>
<!-- Generated by org.testng.reporters.JUnitReportReporter -->
<testsuite skipped="0" hostname="AZ18025JI" name="CoverNote.CoverNote_V_I.testRun" tests="1" failures="0" timestamp="01 Nov 2018 08:59:18 GMT" time="7.069" errors="0">
  <testcase name="coverNOteDetails" time="7.069" classname="CoverNote.CoverNote_V_I.testRun"/>
</testsuite> <!-- CoverNote.CoverNote_V_I.testRun -->
