<?xml version="1.0" encoding="UTF-8"?>
<!-- Generated by org.testng.reporters.JUnitReportReporter -->
<testsuite skipped="0" hostname="AZ18025JI" name="CoverNote.CoverNote_V_I.testRun" tests="1" failures="0" timestamp="09 Nov 2018 09:45:08 GMT" time="9.948" errors="0">
  <testcase name="coverNOteDetails" time="9.948" classname="CoverNote.CoverNote_V_I.testRun"/>
</testsuite> <!-- CoverNote.CoverNote_V_I.testRun -->
