<?xml version="1.0" encoding="UTF-8"?>
<!-- Generated by org.testng.reporters.JUnitReportReporter -->
<testsuite skipped="0" hostname="AZ18025JI" name="CoverNote.CoverNote_V_I.testRun" tests="1" failures="0" timestamp="30 Oct 2018 11:16:39 GMT" time="32.777" errors="0">
  <testcase name="coverNOteDetails" time="32.777" classname="CoverNote.CoverNote_V_I.testRun"/>
</testsuite> <!-- CoverNote.CoverNote_V_I.testRun -->
